==3799== Memcheck, a memory error detector
==3799== Copyright (C) 2002-2017, and GNU GPL'd, by Julian Seward et al.
==3799== Using Valgrind-3.18.1-42b08ed5bd-20211015 and LibVEX; rerun with -h for copyright info
==3799== Command: ./a.out
==3799== Parent PID: 2480
==3799== 
--3799-- 
--3799-- Valgrind options:
--3799--    --leak-check=full
--3799--    --log-file=logfile.out
--3799--    -v
--3799-- Contents of /proc/version:
--3799--   Linux version 5.15.0-56-generic (buildd@lcy02-amd64-004) (gcc (Ubuntu 11.3.0-1ubuntu1~22.04) 11.3.0, GNU ld (GNU Binutils for Ubuntu) 2.38) #62-Ubuntu SMP Tue Nov 22 19:54:14 UTC 2022
--3799-- 
--3799-- Arch and hwcaps: AMD64, LittleEndian, amd64-cx16-lzcnt-rdtscp-sse3-ssse3-avx-avx2-bmi-f16c-rdrand
--3799-- Page sizes: currently 4096, max supported 4096
--3799-- Valgrind library directory: /usr/libexec/valgrind
--3799-- Reading syms from /home/abhijit/experiment/Skin-Detection-Using-C/a.out
--3799-- Reading syms from /usr/lib/x86_64-linux-gnu/ld-linux-x86-64.so.2
--3799--   Considering /usr/lib/debug/.build-id/61/ef896a699bb1c2e4e231642b2e1688b2f1a61e.debug ..
--3799--   .. build-id is valid
--3799-- Reading syms from /usr/libexec/valgrind/memcheck-amd64-linux
--3799--    object doesn't have a symbol table
--3799--    object doesn't have a dynamic symbol table
--3799-- Scheduler: using generic scheduler lock implementation.
==3799== Warning: set address range perms: large range [0x113000, 0x18113000) (defined)
--3799-- Reading suppressions file: /usr/libexec/valgrind/default.supp
==3799== embedded gdbserver: reading from /tmp/vgdb-pipe-from-vgdb-to-3799-by-abhijit-on-???
==3799== embedded gdbserver: writing to   /tmp/vgdb-pipe-to-vgdb-from-3799-by-abhijit-on-???
==3799== embedded gdbserver: shared mem   /tmp/vgdb-pipe-shared-mem-vgdb-3799-by-abhijit-on-???
==3799== 
==3799== TO CONTROL THIS PROCESS USING vgdb (which you probably
==3799== don't want to do, unless you know exactly what you're doing,
==3799== or are doing some strange experiment):
==3799==   /usr/bin/vgdb --pid=3799 ...command...
==3799== 
==3799== TO DEBUG THIS PROCESS USING GDB: start GDB like this
==3799==   /path/to/gdb ./a.out
==3799== and then give GDB the following command
==3799==   target remote | /usr/bin/vgdb --pid=3799
==3799== --pid is optional if only one valgrind process is running
==3799== 
--3799-- REDIR: 0x1813da60 (ld-linux-x86-64.so.2:strlen) redirected to 0x580bcec2 (???)
--3799-- REDIR: 0x1813d830 (ld-linux-x86-64.so.2:index) redirected to 0x580bcedc (???)
--3799-- Reading syms from /usr/libexec/valgrind/vgpreload_core-amd64-linux.so
--3799--    object doesn't have a symbol table
--3799-- Reading syms from /usr/libexec/valgrind/vgpreload_memcheck-amd64-linux.so
--3799--    object doesn't have a symbol table
==3799== WARNING: new redirection conflicts with existing -- ignoring it
--3799--     old: 0x1813da60 (strlen              ) R-> (0000.0) 0x580bcec2 ???
--3799--     new: 0x1813da60 (strlen              ) R-> (2007.0) 0x18961e30 strlen
--3799-- REDIR: 0x1813a240 (ld-linux-x86-64.so.2:strcmp) redirected to 0x18962cd0 (strcmp)
--3799-- REDIR: 0x1813dfc0 (ld-linux-x86-64.so.2:mempcpy) redirected to 0x18966840 (mempcpy)
--3799-- Reading syms from /usr/lib/x86_64-linux-gnu/libc.so.6
--3799--   Considering /usr/lib/debug/.build-id/69/389d485a9793dbe873f0ea2c93e02efaa9aa3d.debug ..
--3799--   .. build-id is valid
==3799== WARNING: new redirection conflicts with existing -- ignoring it
--3799--     old: 0x18a25ce0 (memalign            ) R-> (1011.0) 0x18961080 memalign
--3799--     new: 0x18a25ce0 (memalign            ) R-> (1017.0) 0x18961050 aligned_alloc
==3799== WARNING: new redirection conflicts with existing -- ignoring it
--3799--     old: 0x18a25ce0 (memalign            ) R-> (1011.0) 0x18961080 memalign
--3799--     new: 0x18a25ce0 (memalign            ) R-> (1017.0) 0x18961020 aligned_alloc
==3799== WARNING: new redirection conflicts with existing -- ignoring it
--3799--     old: 0x18a25ce0 (memalign            ) R-> (1011.0) 0x18961080 memalign
--3799--     new: 0x18a25ce0 (memalign            ) R-> (1017.0) 0x18961050 aligned_alloc
==3799== WARNING: new redirection conflicts with existing -- ignoring it
--3799--     old: 0x18a25ce0 (memalign            ) R-> (1011.0) 0x18961080 memalign
--3799--     new: 0x18a25ce0 (memalign            ) R-> (1017.0) 0x18961020 aligned_alloc
--3799-- REDIR: 0x18a287a0 (libc.so.6:strnlen) redirected to 0x18952220 (_vgnU_ifunc_wrapper)
--3799-- REDIR: 0x18a28a60 (libc.so.6:strpbrk) redirected to 0x18952220 (_vgnU_ifunc_wrapper)
--3799-- REDIR: 0x18a28360 (libc.so.6:strcmp) redirected to 0x18952220 (_vgnU_ifunc_wrapper)
--3799-- REDIR: 0x18a46d50 (libc.so.6:wcsnlen) redirected to 0x18952220 (_vgnU_ifunc_wrapper)
--3799-- REDIR: 0x18a29750 (libc.so.6:memset) redirected to 0x18952220 (_vgnU_ifunc_wrapper)
--3799-- REDIR: 0x18a455c0 (libc.so.6:wcslen) redirected to 0x18952220 (_vgnU_ifunc_wrapper)
--3799-- REDIR: 0x18a29c90 (libc.so.6:memcpy@@GLIBC_2.14) redirected to 0x18952220 (_vgnU_ifunc_wrapper)
--3799-- REDIR: 0x18a453f0 (libc.so.6:wcschr) redirected to 0x18952220 (_vgnU_ifunc_wrapper)
--3799-- REDIR: 0x18a282e0 (libc.so.6:index) redirected to 0x18952220 (_vgnU_ifunc_wrapper)
--3799-- REDIR: 0x18a289e0 (libc.so.6:rindex) redirected to 0x18952220 (_vgnU_ifunc_wrapper)
--3799-- REDIR: 0x18a29620 (libc.so.6:memmove) redirected to 0x18952220 (_vgnU_ifunc_wrapper)
==3799== Preferring higher priority redirection:
--3799--     old: 0x18b20940 (__memcpy_avx_unalign) R-> (2018.0) 0x18963f90 __memcpy_avx_unaligned_erms
--3799--     new: 0x18b20940 (__memcpy_avx_unalign) R-> (2018.1) 0x18965880 memmove
--3799-- REDIR: 0x18a45470 (libc.so.6:wcscmp) redirected to 0x18952220 (_vgnU_ifunc_wrapper)
--3799-- REDIR: 0x18a29a60 (libc.so.6:stpncpy) redirected to 0x18952220 (_vgnU_ifunc_wrapper)
--3799-- REDIR: 0x18a45a30 (libc.so.6:wmemchr) redirected to 0x18952220 (_vgnU_ifunc_wrapper)
--3799-- REDIR: 0x18a288b0 (libc.so.6:strncmp) redirected to 0x18952220 (_vgnU_ifunc_wrapper)
--3799-- REDIR: 0x18a29af0 (libc.so.6:strcasecmp) redirected to 0x18952220 (_vgnU_ifunc_wrapper)
--3799-- REDIR: 0x18a284a0 (libc.so.6:strcspn) redirected to 0x18952220 (_vgnU_ifunc_wrapper)
--3799-- REDIR: 0x18a454f0 (libc.so.6:wcscpy) redirected to 0x18952220 (_vgnU_ifunc_wrapper)
--3799-- REDIR: 0x18a28250 (libc.so.6:strcat) redirected to 0x18952220 (_vgnU_ifunc_wrapper)
--3799-- REDIR: 0x18a29be0 (libc.so.6:strncasecmp_l) redirected to 0x18952220 (_vgnU_ifunc_wrapper)
--3799-- REDIR: 0x18a29500 (libc.so.6:bcmp) redirected to 0x18952220 (_vgnU_ifunc_wrapper)
--3799-- REDIR: 0x18a315f0 (libc.so.6:memrchr) redirected to 0x18952220 (_vgnU_ifunc_wrapper)
--3799-- REDIR: 0x18a2b090 (libc.so.6:strchrnul) redirected to 0x18952220 (_vgnU_ifunc_wrapper)
--3799-- REDIR: 0x18a28410 (libc.so.6:strcpy) redirected to 0x18952220 (_vgnU_ifunc_wrapper)
--3799-- REDIR: 0x18a29b90 (libc.so.6:strcasecmp_l) redirected to 0x18952220 (_vgnU_ifunc_wrapper)
--3799-- REDIR: 0x18a28720 (libc.so.6:strlen) redirected to 0x18952220 (_vgnU_ifunc_wrapper)
--3799-- REDIR: 0x18a28950 (libc.so.6:strncpy) redirected to 0x18952220 (_vgnU_ifunc_wrapper)
--3799-- REDIR: 0x18a299d0 (libc.so.6:stpcpy) redirected to 0x18952220 (_vgnU_ifunc_wrapper)
--3799-- REDIR: 0x18a29470 (libc.so.6:memchr) redirected to 0x18952220 (_vgnU_ifunc_wrapper)
--3799-- REDIR: 0x18a28b80 (libc.so.6:strspn) redirected to 0x18952220 (_vgnU_ifunc_wrapper)
--3799-- REDIR: 0x18a29850 (libc.so.6:mempcpy) redirected to 0x18952220 (_vgnU_ifunc_wrapper)
--3799-- REDIR: 0x18a29b40 (libc.so.6:strncasecmp) redirected to 0x18952220 (_vgnU_ifunc_wrapper)
--3799-- REDIR: 0x18a2b000 (libc.so.6:rawmemchr) redirected to 0x18952220 (_vgnU_ifunc_wrapper)
--3799-- REDIR: 0x18b1d790 (libc.so.6:__strrchr_avx2) redirected to 0x18961810 (rindex)
--3799-- REDIR: 0x18b1ddb0 (libc.so.6:__strcat_avx2) redirected to 0x18961a20 (strcat)
--3799-- REDIR: 0x18b1d960 (libc.so.6:__strlen_avx2) redirected to 0x18961d10 (strlen)
--3799-- REDIR: 0x18a25120 (libc.so.6:malloc) redirected to 0x1895b820 (malloc)
--3799-- REDIR: 0x18a29040 (libc.so.6:__GI_strstr) redirected to 0x18966ae0 (__strstr_sse2)
--3799-- REDIR: 0x18b19440 (libc.so.6:__memchr_avx2) redirected to 0x18962d50 (memchr)
--3799-- REDIR: 0x18b20940 (libc.so.6:__memcpy_avx_unaligned_erms) redirected to 0x18965880 (memmove)
--3799-- REDIR: 0x18b20900 (libc.so.6:__mempcpy_avx_unaligned_erms) redirected to 0x18966440 (mempcpy)
--3799-- REDIR: 0x18a25460 (libc.so.6:free) redirected to 0x1895e210 (free)
--3799-- REDIR: 0x18b1d580 (libc.so.6:__strchrnul_avx2) redirected to 0x18966330 (strchrnul)
==3799== 
==3799== HEAP SUMMARY:
==3799==     in use at exit: 1,895,944 bytes in 2 blocks
==3799==   total heap usage: 26,647 allocs, 26,645 frees, 3,722,111,544 bytes allocated
==3799== 
==3799== Searching for pointers to 2 not-freed blocks
==3799== Checked 402,763,952 bytes
==3799== 
==3799== 1,895,944 (16 direct, 1,895,928 indirect) bytes in 1 blocks are definitely lost in loss record 2 of 2
==3799==    at 0x1895B899: malloc (in /usr/libexec/valgrind/vgpreload_memcheck-amd64-linux.so)
==3799==    by 0x10C608: readPPM (image.c:32)
==3799==    by 0x10D3A8: testModel (model.c:111)
==3799==    by 0x10C440: main (main.c:15)
==3799== 
==3799== LEAK SUMMARY:
==3799==    definitely lost: 16 bytes in 1 blocks
==3799==    indirectly lost: 1,895,928 bytes in 1 blocks
==3799==      possibly lost: 0 bytes in 0 blocks
==3799==    still reachable: 0 bytes in 0 blocks
==3799==         suppressed: 0 bytes in 0 blocks
==3799== 
==3799== ERROR SUMMARY: 1 errors from 1 contexts (suppressed: 0 from 0)
